<?xml version="1.0" encoding="UTF-8"?>
<testsuite xmlns:xsi="http://www.w3.org/2001/XMLSchema-instance" xsi:noNamespaceSchemaLocation="https://maven.apache.org/surefire/maven-surefire-plugin/xsd/surefire-test-report.xsd" version="3.0.2" name="cl.vitalsync.web.WebApplicationTests" time="2.94" tests="1" errors="0" skipped="0" failures="0">
  <properties>
[...]
</properties>
  <testcase name="contextLoads" classname="cl.vitalsync.web.WebApplicationTests" time="0.691">
    <system-out><![CDATA[17:01:20.678 [main] INFO org.springframework.test.context.support.AnnotationConfigContextLoaderUtils -- Could not detect default configuration classes for test class [cl.vitalsync.web.WebApplicationTests]: WebApplicationTests does not declare any static, non-private, non-final, nested classes annotated with @Configuration.
17:01:20.803 [main] INFO org.springframework.boot.test.context.SpringBootTestContextBootstrapper -- Found @SpringBootConfiguration cl.vitalsync.web.WebApplication for test class cl.vitalsync.web.WebApplicationTests

  .   ____          _            __ _ _
 /\\ / ___'_ __ _ _(_)_ __  __ _ \ \ \ \
( ( )\___ | '_ | '_| | '_ \/ _` | \ \ \ \
 \\/  ___)| |_)| | | | | || (_| |  ) ) ) )
  '  |____| .__|_| |_|_| |_\__, | / / / /
 =========|_|==============|___/=/_/_/_/

 :: Spring Boot ::                (v4.0.0)

2025-12-03T17:01:21.331-03:00  INFO 20552 --- [web] [           main] cl.vitalsync.web.WebApplicationTests     : Starting WebApplicationTests using Java 22.0.2 with PID 20552 (started by blitz in C:\Users\blitz\OneDrive\Escritorio\VitalSync\web\web)
2025-12-03T17:01:21.333-03:00  INFO 20552 --- [web] [           main] cl.vitalsync.web.WebApplicationTests     : No active profile set, falling back to 1 default profile: "default"
2025-12-03T17:01:22.156-03:00  INFO 20552 --- [web] [           main] o.s.b.w.a.WelcomePageHandlerMapping      : Adding welcome page template: index
2025-12-03T17:01:22.498-03:00  INFO 20552 --- [web] [           main] cl.vitalsync.web.WebApplicationTests     : Started WebApplicationTests in 1.52 seconds (process running for 3.383)
]]></system-out>
    <system-err><![CDATA[Mockito is currently self-attaching to enable the inline-mock-maker. This will no longer work in future releases of the JDK. Please add Mockito as an agent to your build as described in Mockito's documentation: https://javadoc.io/doc/org.mockito/mockito-core/latest/org.mockito/org/mockito/Mockito.html#0.3
WARNING: A Java agent has been loaded dynamically (C:\Users\blitz\.m2\repository\net\bytebuddy\byte-buddy-agent\1.17.8\byte-buddy-agent-1.17.8.jar)
WARNING: If a serviceability tool is in use, please run with -XX:+EnableDynamicAgentLoading to hide this warning
WARNING: If a serviceability tool is not in use, please run with -Djdk.instrument.traceUsage for more information
WARNING: Dynamic loading of agents will be disallowed by default in a future release
]]></system-err>
  </testcase>
</testsuite>